<?xml version="1.0" encoding="UTF-8"?>
<!-- Generated by org.testng.reporters.JUnitReportReporter -->
<testsuite hostname="DESKTOP-HD6IH2G" failures="0" tests="1" name="ComplexJson.SumValidation" time="2.837" errors="0" timestamp="2022-08-22T15:26:35 IST" skipped="0">
  <testcase classname="ComplexJson.SumValidation" name="sumOfCourses" time="2.837"/>
  <system-out/>
</testsuite> <!-- ComplexJson.SumValidation -->
