<?xml version="1.0" encoding="UTF-8"?>
<!-- Generated by org.testng.reporters.JUnitReportReporter -->
<testsuite hostname="DESKTOP-HD6IH2G" failures="0" tests="2" name="files.DynamicJson" time="4.357" errors="0" timestamp="2022-08-22T16:49:37 IST" skipped="0">
  <testcase classname="files.DynamicJson" name="addBook" time="0.184"/>
  <system-out/>
  <testcase classname="files.DynamicJson" name="addBook" time="4.173"/>
  <system-out/>
</testsuite> <!-- files.DynamicJson -->
